#
# There is insufficient memory for the Java Runtime Environment to continue.
# Native memory allocation (mmap) failed to map 33554432 bytes for committing reserved memory.
# Possible reasons:
#   The system is out of physical RAM or swap space
#   The process is running with CompressedOops enabled, and the Java Heap may be blocking the growth of the native heap
# Possible solutions:
#   Reduce memory load on the system
#   Increase physical memory or swap space
#   Check if swap backing store is full
#   Decrease Java heap size (-Xmx/-Xms)
#   Decrease number of Java threads
#   Decrease Java thread stack sizes (-Xss)
#   Set larger code cache with -XX:ReservedCodeCacheSize=
# This output file may be truncated or incomplete.
#
#  Out of Memory Error (os_linux.cpp:2718), pid=13387, tid=13388
#
# JRE version:  (11.0.2+9) (build )
# Java VM: OpenJDK 64-Bit Server VM (11.0.2+9-b159.30, mixed mode, aot, sharing, tiered, compressed oops, g1 gc, linux-amd64)
# No core dump will be written. Core dumps have been disabled. To enable core dumping, try "ulimit -c unlimited" before starting Java again
#

---------------  S U M M A R Y ------------

Command Line: org.jetbrains.git4idea.http.GitAskPassApp Username for 'https://github.com': 

Host: Intel(R) Core(TM) i7-6560U CPU @ 2.20GHz, 4 cores, 7G, elementary OS 5.0 Juno
Time: Mon May 20 15:19:45 2019 PDT elapsed time: 2 seconds (0d 0h 0m 2s)

---------------  T H R E A D  ---------------

Current thread (0x00007f073c012000):  JavaThread "Unknown thread" [_thread_in_vm, id=13388, stack(0x00007f07468a2000,0x00007f07469a3000)]

Stack: [0x00007f07468a2000,0x00007f07469a3000],  sp=0x00007f07469a14d0,  free space=1021k
Native frames: (J=compiled Java code, A=aot compiled Java code, j=interpreted, Vv=VM code, C=native code)
V  [libjvm.so+0xd8bbba]  VMError::report_and_die(int, char const*, char const*, __va_list_tag*, Thread*, unsigned char*, void*, void*, char const*, int, unsigned long)+0x18a
V  [libjvm.so+0xd8ca53]  VMError::report_and_die(Thread*, char const*, int, unsigned long, VMErrorType, char const*, __va_list_tag*)+0x43
V  [libjvm.so+0x69f978]  report_vm_out_of_memory(char const*, int, unsigned long, VMErrorType, char const*, ...)+0xe8
V  [libjvm.so+0xb922d2]  os::pd_commit_memory(char*, unsigned long, bool)+0xc2
V  [libjvm.so+0xb89eff]  os::commit_memory(char*, unsigned long, bool)+0x1f
V  [libjvm.so+0x774d54]  G1CMMarkStack::resize(unsigned long)+0x64
V  [libjvm.so+0x778701]  G1ConcurrentMark::G1ConcurrentMark(G1CollectedHeap*, G1RegionToSpaceMapper*, G1RegionToSpaceMapper*)+0x621
V  [libjvm.so+0x76a105]  G1CollectedHeap::initialize()+0x675
V  [libjvm.so+0xd4f551]  Universe::initialize_heap()+0x41
V  [libjvm.so+0xd4f801]  universe_init()+0x41
V  [libjvm.so+0x81d82f]  init_globals()+0x5f
V  [libjvm.so+0xd2ce6c]  Threads::create_vm(JavaVMInitArgs*, bool*)+0x3dc
V  [libjvm.so+0x8c4cdc]  JNI_CreateJavaVM+0x5c
C  [libjli.so+0x4814]  JavaMain+0x84


---------------  P R O C E S S  ---------------

Threads class SMR info:
_java_thread_list=0x0000000001b40ff0, length=0, elements={
}

Java Threads: ( => current thread )

Other Threads:
  0x00007f073c028000 GCTaskThread "GC Thread#0" [stack: 0x00007f07428b5000,0x00007f07429b5000] [id=13389]

[error occurred during error reporting (printing all threads), id 0xb, SIGSEGV (0xb) at pc=0x00007f0744ed0e71]

VM state:not at safepoint (not fully initialized)

VM Mutex/Monitor currently owned by a thread:  ([mutex/lock_event])
[0x00007f073c00eb60] Heap_lock - owner thread: 0x00007f073c012000

Heap address: 0x000000008a000000, size: 1888 MB, Compressed Oops mode: Non-zero based: 0x000000008a000000
Narrow klass base: 0x0000000000000000, Narrow klass shift: 0

GC Heap History (0 events):
No events

Deoptimization events (0 events):
No events

Classes redefined (0 events):
No events

Internal exceptions (0 events):
No events

Events (0 events):
No events


Dynamic libraries:
00400000-00401000 r-xp 00000000 fd:00 6948930                            /home/ethanwc/IDEs/pycharm/jre64/bin/java
00601000-00602000 r--p 00001000 fd:00 6948930                            /home/ethanwc/IDEs/pycharm/jre64/bin/java
00602000-00603000 rw-p 00002000 fd:00 6948930                            /home/ethanwc/IDEs/pycharm/jre64/bin/java
01b29000-01b4a000 rw-p 00000000 00:00 0                                  [heap]
8a000000-100000000 ---p 00000000 00:00 0 
7f0714000000-7f0714021000 rw-p 00000000 00:00 0 
7f0714021000-7f0718000000 ---p 00000000 00:00 0 
7f071c000000-7f071c021000 rw-p 00000000 00:00 0 
7f071c021000-7f0720000000 ---p 00000000 00:00 0 
7f0720500000-7f0724000000 ---p 00000000 00:00 0 
7f0724000000-7f0724021000 rw-p 00000000 00:00 0 
7f0724021000-7f0728000000 ---p 00000000 00:00 0 
7f0729d37000-7f0729fa7000 rwxp 00000000 00:00 0 
7f0729fa7000-7f072a2c7000 ---p 00000000 00:00 0 
7f072a2c7000-7f072a537000 rwxp 00000000 00:00 0 
7f072a537000-7f07317ff000 ---p 00000000 00:00 0 
7f07317ff000-7f0731a6f000 rwxp 00000000 00:00 0 
7f0731a6f000-7f0738d37000 ---p 00000000 00:00 0 
7f0738d37000-7f073c000000 r--s 00000000 fd:00 6948915                    /home/ethanwc/IDEs/pycharm/jre64/lib/modules
7f073c000000-7f073c066000 rw-p 00000000 00:00 0 
7f073c066000-7f0740000000 ---p 00000000 00:00 0 
7f0741417000-7f074179b000 rw-p 00000000 00:00 0 
7f074179b000-7f074179c000 ---p 00000000 00:00 0 
7f074179c000-7f074189d000 rw-p 00000000 00:00 0 
7f074189d000-7f074189e000 ---p 00000000 00:00 0 
7f074189e000-7f074199f000 rw-p 00000000 00:00 0 
7f074199f000-7f07424af000 ---p 00000000 00:00 0 
7f07424af000-7f07428b3000 rw-p 00000000 00:00 0 
7f07428b3000-7f07428b4000 ---p 00000000 00:00 0 
7f07428b4000-7f07429ba000 rw-p 00000000 00:00 0 
7f07429ba000-7f0742aa0000 ---p 00000000 00:00 0 
7f0742aa0000-7f0742aa5000 rw-p 00000000 00:00 0 
7f0742aa5000-7f0742b8b000 ---p 00000000 00:00 0 
7f0742b8b000-7f0742b90000 r-xp 00000000 fd:00 6948894                    /home/ethanwc/IDEs/pycharm/jre64/lib/libjimage.so
7f0742b90000-7f0742d90000 ---p 00005000 fd:00 6948894                    /home/ethanwc/IDEs/pycharm/jre64/lib/libjimage.so
7f0742d90000-7f0742d91000 r--p 00005000 fd:00 6948894                    /home/ethanwc/IDEs/pycharm/jre64/lib/libjimage.so
7f0742d91000-7f0742d92000 rw-p 00006000 fd:00 6948894                    /home/ethanwc/IDEs/pycharm/jre64/lib/libjimage.so
7f0742d92000-7f0742d99000 r-xp 00000000 fd:00 6948914                    /home/ethanwc/IDEs/pycharm/jre64/lib/libzip.so
7f0742d99000-7f0742f98000 ---p 00007000 fd:00 6948914                    /home/ethanwc/IDEs/pycharm/jre64/lib/libzip.so
7f0742f98000-7f0742f99000 r--p 00006000 fd:00 6948914                    /home/ethanwc/IDEs/pycharm/jre64/lib/libzip.so
7f0742f99000-7f0742f9a000 rw-p 00007000 fd:00 6948914                    /home/ethanwc/IDEs/pycharm/jre64/lib/libzip.so
7f0742f9a000-7f0742fa5000 r-xp 00000000 fd:00 12980989                   /lib/x86_64-linux-gnu/libnss_files-2.27.so
7f0742fa5000-7f07431a4000 ---p 0000b000 fd:00 12980989                   /lib/x86_64-linux-gnu/libnss_files-2.27.so
7f07431a4000-7f07431a5000 r--p 0000a000 fd:00 12980989                   /lib/x86_64-linux-gnu/libnss_files-2.27.so
7f07431a5000-7f07431a6000 rw-p 0000b000 fd:00 12980989                   /lib/x86_64-linux-gnu/libnss_files-2.27.so
7f07431a6000-7f07431ac000 rw-p 00000000 00:00 0 
7f07431ac000-7f07431c3000 r-xp 00000000 fd:00 12980983                   /lib/x86_64-linux-gnu/libnsl-2.27.so
7f07431c3000-7f07433c2000 ---p 00017000 fd:00 12980983                   /lib/x86_64-linux-gnu/libnsl-2.27.so
7f07433c2000-7f07433c3000 r--p 00016000 fd:00 12980983                   /lib/x86_64-linux-gnu/libnsl-2.27.so
7f07433c3000-7f07433c4000 rw-p 00017000 fd:00 12980983                   /lib/x86_64-linux-gnu/libnsl-2.27.so
7f07433c4000-7f07433c6000 rw-p 00000000 00:00 0 
7f07433c6000-7f07433d1000 r-xp 00000000 fd:00 12980999                   /lib/x86_64-linux-gnu/libnss_nis-2.27.so
7f07433d1000-7f07435d0000 ---p 0000b000 fd:00 12980999                   /lib/x86_64-linux-gnu/libnss_nis-2.27.so
7f07435d0000-7f07435d1000 r--p 0000a000 fd:00 12980999                   /lib/x86_64-linux-gnu/libnss_nis-2.27.so
7f07435d1000-7f07435d2000 rw-p 0000b000 fd:00 12980999                   /lib/x86_64-linux-gnu/libnss_nis-2.27.so
7f07435d2000-7f07435da000 r-xp 00000000 fd:00 12980985                   /lib/x86_64-linux-gnu/libnss_compat-2.27.so
7f07435da000-7f07437da000 ---p 00008000 fd:00 12980985                   /lib/x86_64-linux-gnu/libnss_compat-2.27.so
7f07437da000-7f07437db000 r--p 00008000 fd:00 12980985                   /lib/x86_64-linux-gnu/libnss_compat-2.27.so
7f07437db000-7f07437dc000 rw-p 00009000 fd:00 12980985                   /lib/x86_64-linux-gnu/libnss_compat-2.27.so
7f07437dc000-7f0743805000 r-xp 00000000 fd:00 6948884                    /home/ethanwc/IDEs/pycharm/jre64/lib/libjava.so
7f0743805000-7f0743a04000 ---p 00029000 fd:00 6948884                    /home/ethanwc/IDEs/pycharm/jre64/lib/libjava.so
7f0743a04000-7f0743a05000 r--p 00028000 fd:00 6948884                    /home/ethanwc/IDEs/pycharm/jre64/lib/libjava.so
7f0743a05000-7f0743a07000 rw-p 00029000 fd:00 6948884                    /home/ethanwc/IDEs/pycharm/jre64/lib/libjava.so
7f0743a07000-7f0743a14000 r-xp 00000000 fd:00 6948913                    /home/ethanwc/IDEs/pycharm/jre64/lib/libverify.so
7f0743a14000-7f0743c13000 ---p 0000d000 fd:00 6948913                    /home/ethanwc/IDEs/pycharm/jre64/lib/libverify.so
7f0743c13000-7f0743c15000 r--p 0000c000 fd:00 6948913                    /home/ethanwc/IDEs/pycharm/jre64/lib/libverify.so
7f0743c15000-7f0743c16000 rw-p 0000e000 fd:00 6948913                    /home/ethanwc/IDEs/pycharm/jre64/lib/libverify.so
7f0743c16000-7f0743c1d000 r-xp 00000000 fd:00 12981039                   /lib/x86_64-linux-gnu/librt-2.27.so
7f0743c1d000-7f0743e1c000 ---p 00007000 fd:00 12981039                   /lib/x86_64-linux-gnu/librt-2.27.so
7f0743e1c000-7f0743e1d000 r--p 00006000 fd:00 12981039                   /lib/x86_64-linux-gnu/librt-2.27.so
7f0743e1d000-7f0743e1e000 rw-p 00007000 fd:00 12981039                   /lib/x86_64-linux-gnu/librt-2.27.so
7f0743e1e000-7f0743e35000 r-xp 00000000 fd:00 12980936                   /lib/x86_64-linux-gnu/libgcc_s.so.1
7f0743e35000-7f0744034000 ---p 00017000 fd:00 12980936                   /lib/x86_64-linux-gnu/libgcc_s.so.1
7f0744034000-7f0744035000 r--p 00016000 fd:00 12980936                   /lib/x86_64-linux-gnu/libgcc_s.so.1
7f0744035000-7f0744036000 rw-p 00017000 fd:00 12980936                   /lib/x86_64-linux-gnu/libgcc_s.so.1
7f0744036000-7f07441d3000 r-xp 00000000 fd:00 12980962                   /lib/x86_64-linux-gnu/libm-2.27.so
7f07441d3000-7f07443d2000 ---p 0019d000 fd:00 12980962                   /lib/x86_64-linux-gnu/libm-2.27.so
7f07443d2000-7f07443d3000 r--p 0019c000 fd:00 12980962                   /lib/x86_64-linux-gnu/libm-2.27.so
7f07443d3000-7f07443d4000 rw-p 0019d000 fd:00 12980962                   /lib/x86_64-linux-gnu/libm-2.27.so
7f07443d4000-7f074454d000 r-xp 00000000 fd:00 1843867                    /usr/lib/x86_64-linux-gnu/libstdc++.so.6.0.25
7f074454d000-7f074474d000 ---p 00179000 fd:00 1843867                    /usr/lib/x86_64-linux-gnu/libstdc++.so.6.0.25
7f074474d000-7f0744757000 r--p 00179000 fd:00 1843867                    /usr/lib/x86_64-linux-gnu/libstdc++.so.6.0.25
7f0744757000-7f0744759000 rw-p 00183000 fd:00 1843867                    /usr/lib/x86_64-linux-gnu/libstdc++.so.6.0.25
7f0744759000-7f074475d000 rw-p 00000000 00:00 0 
7f074475d000-7f07457f5000 r-xp 00000000 fd:00 6948926                    /home/ethanwc/IDEs/pycharm/jre64/lib/server/libjvm.so
7f07457f5000-7f07459f5000 ---p 01098000 fd:00 6948926                    /home/ethanwc/IDEs/pycharm/jre64/lib/server/libjvm.so
7f07459f5000-7f0745ac3000 r--p 01098000 fd:00 6948926                    /home/ethanwc/IDEs/pycharm/jre64/lib/server/libjvm.so
7f0745ac3000-7f0745afd000 rw-p 01166000 fd:00 6948926                    /home/ethanwc/IDEs/pycharm/jre64/lib/server/libjvm.so
7f0745afd000-7f0745b56000 rw-p 00000000 00:00 0 
7f0745b56000-7f0745d3d000 r-xp 00000000 fd:00 12980899                   /lib/x86_64-linux-gnu/libc-2.27.so
7f0745d3d000-7f0745f3d000 ---p 001e7000 fd:00 12980899                   /lib/x86_64-linux-gnu/libc-2.27.so
7f0745f3d000-7f0745f41000 r--p 001e7000 fd:00 12980899                   /lib/x86_64-linux-gnu/libc-2.27.so
7f0745f41000-7f0745f43000 rw-p 001eb000 fd:00 12980899                   /lib/x86_64-linux-gnu/libc-2.27.so
7f0745f43000-7f0745f47000 rw-p 00000000 00:00 0 
7f0745f47000-7f0745f4a000 r-xp 00000000 fd:00 12980922                   /lib/x86_64-linux-gnu/libdl-2.27.so
7f0745f4a000-7f0746149000 ---p 00003000 fd:00 12980922                   /lib/x86_64-linux-gnu/libdl-2.27.so
7f0746149000-7f074614a000 r--p 00002000 fd:00 12980922                   /lib/x86_64-linux-gnu/libdl-2.27.so
7f074614a000-7f074614b000 rw-p 00003000 fd:00 12980922                   /lib/x86_64-linux-gnu/libdl-2.27.so
7f074614b000-7f074615a000 r-xp 00000000 fd:00 6948856                    /home/ethanwc/IDEs/pycharm/jre64/lib/jli/libjli.so
7f074615a000-7f0746359000 ---p 0000f000 fd:00 6948856                    /home/ethanwc/IDEs/pycharm/jre64/lib/jli/libjli.so
7f0746359000-7f074635a000 r--p 0000e000 fd:00 6948856                    /home/ethanwc/IDEs/pycharm/jre64/lib/jli/libjli.so
7f074635a000-7f074635b000 rw-p 0000f000 fd:00 6948856                    /home/ethanwc/IDEs/pycharm/jre64/lib/jli/libjli.so
7f074635b000-7f0746375000 r-xp 00000000 fd:00 12981031                   /lib/x86_64-linux-gnu/libpthread-2.27.so
7f0746375000-7f0746574000 ---p 0001a000 fd:00 12981031                   /lib/x86_64-linux-gnu/libpthread-2.27.so
7f0746574000-7f0746575000 r--p 00019000 fd:00 12981031                   /lib/x86_64-linux-gnu/libpthread-2.27.so
7f0746575000-7f0746576000 rw-p 0001a000 fd:00 12981031                   /lib/x86_64-linux-gnu/libpthread-2.27.so
7f0746576000-7f074657a000 rw-p 00000000 00:00 0 
7f074657a000-7f0746596000 r-xp 00000000 fd:00 12981070                   /lib/x86_64-linux-gnu/libz.so.1.2.11
7f0746596000-7f0746795000 ---p 0001c000 fd:00 12981070                   /lib/x86_64-linux-gnu/libz.so.1.2.11
7f0746795000-7f0746796000 r--p 0001b000 fd:00 12981070                   /lib/x86_64-linux-gnu/libz.so.1.2.11
7f0746796000-7f0746797000 rw-p 0001c000 fd:00 12981070                   /lib/x86_64-linux-gnu/libz.so.1.2.11
7f0746797000-7f07467be000 r-xp 00000000 fd:00 12980871                   /lib/x86_64-linux-gnu/ld-2.27.so
7f0746863000-7f07468a2000 rw-p 00000000 00:00 0 
7f07468a2000-7f07468a6000 ---p 00000000 00:00 0 
7f07468a6000-7f07469a7000 rw-p 00000000 00:00 0 
7f07469a8000-7f07469ad000 rw-p 00000000 00:00 0 
7f07469ad000-7f07469b4000 ---p 00000000 00:00 0 
7f07469b4000-7f07469bc000 rw-s 00000000 fd:00 13631795                   /tmp/hsperfdata_ethanwc/13387
7f07469bc000-7f07469bd000 ---p 00000000 00:00 0 
7f07469bd000-7f07469be000 r--p 00000000 00:00 0 
7f07469be000-7f07469bf000 r--p 00027000 fd:00 12980871                   /lib/x86_64-linux-gnu/ld-2.27.so
7f07469bf000-7f07469c0000 rw-p 00028000 fd:00 12980871                   /lib/x86_64-linux-gnu/ld-2.27.so
7f07469c0000-7f07469c1000 rw-p 00000000 00:00 0 
7fff251b3000-7fff251d4000 rw-p 00000000 00:00 0                          [stack]
7fff251d8000-7fff251db000 r--p 00000000 00:00 0                          [vvar]
7fff251db000-7fff251dd000 r-xp 00000000 00:00 0                          [vdso]
ffffffffff600000-ffffffffff601000 r-xp 00000000 00:00 0                  [vsyscall]


VM Arguments:
java_command: org.jetbrains.git4idea.http.GitAskPassApp Username for 'https://github.com': 
java_class_path (initial): /home/ethanwc/IDEs/pycharm/plugins/git4idea/lib/git4idea-rt.jar:/home/ethanwc/IDEs/pycharm/lib/xmlrpc-2.0.1.jar:/home/ethanwc/IDEs/pycharm/lib/commons-codec-1.10.jar:/home/ethanwc/IDEs/pycharm/lib/util.jar
Launcher Type: SUN_STANDARD

[Global flags]
     intx CICompilerCount                          = 3                                         {product} {ergonomic}
     uint ConcGCThreads                            = 1                                         {product} {ergonomic}
     uint G1ConcRefinementThreads                  = 4                                         {product} {ergonomic}
   size_t G1HeapRegionSize                         = 1048576                                   {product} {ergonomic}
    uintx GCDrainStackTargetSize                   = 64                                        {product} {ergonomic}
   size_t InitialHeapSize                          = 123731968                                 {product} {ergonomic}
   size_t MarkStackSize                            = 4194304                                   {product} {ergonomic}
   size_t MaxHeapSize                              = 1979711488                                {product} {ergonomic}
   size_t MinHeapDeltaBytes                        = 1048576                                   {product} {ergonomic}
    uintx NonNMethodCodeHeapSize                   = 5830092                                {pd product} {ergonomic}
    uintx NonProfiledCodeHeapSize                  = 122914074                              {pd product} {ergonomic}
    uintx ProfiledCodeHeapSize                     = 122914074                              {pd product} {ergonomic}
    uintx ReservedCodeCacheSize                    = 251658240                              {pd product} {ergonomic}
     bool SegmentedCodeCache                       = true                                      {product} {ergonomic}
     bool UseCompressedClassPointers               = true                                 {lp64_product} {ergonomic}
     bool UseCompressedOops                        = true                                 {lp64_product} {ergonomic}
     bool UseG1GC                                  = true                                      {product} {ergonomic}

Logging:
Log output configuration:
 #0: stdout all=warning uptime,level,tags
 #1: stderr all=off uptime,level,tags

Environment Variables:
PATH=/usr/lib/git-core:/home/ethanwc/.local/bin:/usr/local/sbin:/usr/local/bin:/usr/sbin:/usr/bin:/sbin:/bin:/usr/games:/usr/local/games:/home/ethanwc/IDEs/idea/bin/bin
SHELL=/bin/bash
DISPLAY=:0

Signal Handlers:
SIGSEGV: [libjvm.so+0xd8cab0], sa_mask[0]=11111111011111111101111111111110, sa_flags=SA_RESTART|SA_SIGINFO
SIGBUS: [libjvm.so+0xd8cab0], sa_mask[0]=11111111011111111101111111111110, sa_flags=SA_RESTART|SA_SIGINFO
SIGFPE: [libjvm.so+0xd8cab0], sa_mask[0]=11111111011111111101111111111110, sa_flags=SA_RESTART|SA_SIGINFO
SIGPIPE: [libjvm.so+0xb8e900], sa_mask[0]=11111111011111111101111111111110, sa_flags=SA_RESTART|SA_SIGINFO
SIGXFSZ: [libjvm.so+0xb8e900], sa_mask[0]=11111111011111111101111111111110, sa_flags=SA_RESTART|SA_SIGINFO
SIGILL: [libjvm.so+0xd8cab0], sa_mask[0]=11111111011111111101111111111110, sa_flags=SA_RESTART|SA_SIGINFO
SIGUSR2: [libjvm.so+0xb8e7a0], sa_mask[0]=00100000000000000000000000000000, sa_flags=SA_RESTART|SA_SIGINFO
SIGHUP: SIG_DFL, sa_mask[0]=00000000000000000000000000000000, sa_flags=none
SIGINT: SIG_DFL, sa_mask[0]=00000000000000000000000000000000, sa_flags=none
SIGTERM: SIG_DFL, sa_mask[0]=00000000000000000000000000000000, sa_flags=none
SIGQUIT: SIG_DFL, sa_mask[0]=00000000000000000000000000000000, sa_flags=none


---------------  S Y S T E M  ---------------

OS:DISTRIB_ID=elementary
DISTRIB_RELEASE=5.0
DISTRIB_CODENAME=juno
DISTRIB_DESCRIPTION="elementary OS 5.0 Juno"
uname:Linux 4.15.0-47-generic #50-Ubuntu SMP Wed Mar 13 10:44:52 UTC 2019 x86_64
libc:glibc 2.27 NPTL 2.27 
rlimit: STACK 8192k, CORE 0k, NPROC 29947, NOFILE 1048576, AS infinity, DATA infinity, FSIZE infinity
load average:2.54 1.45 1.15

/proc/meminfo:
MemTotal:        7730172 kB
MemFree:          106904 kB
MemAvailable:          0 kB
Buffers:             472 kB
Cached:           717624 kB
SwapCached:         3792 kB
Active:          6416568 kB
Inactive:         920696 kB
Active(anon):    6414332 kB
Inactive(anon):   916356 kB
Active(file):       2236 kB
Inactive(file):     4340 kB
Unevictable:        2464 kB
Mlocked:            2464 kB
SwapTotal:       1003516 kB
SwapFree:              0 kB
Dirty:                12 kB
Writeback:             0 kB
AnonPages:       6618700 kB
Mapped:            78220 kB
Shmem:            711220 kB
Slab:             107196 kB
SReclaimable:      43060 kB
SUnreclaim:        64136 kB
KernelStack:       19632 kB
PageTables:        86876 kB
NFS_Unstable:          0 kB
Bounce:                0 kB
WritebackTmp:          0 kB
CommitLimit:     4868600 kB
Committed_AS:   29086272 kB
VmallocTotal:   34359738367 kB
VmallocUsed:           0 kB
VmallocChunk:          0 kB
HardwareCorrupted:     0 kB
AnonHugePages:         0 kB
ShmemHugePages:        0 kB
ShmemPmdMapped:        0 kB
CmaTotal:              0 kB
CmaFree:               0 kB
HugePages_Total:       0
HugePages_Free:        0
HugePages_Rsvd:        0
HugePages_Surp:        0
Hugepagesize:       2048 kB
DirectMap4k:      841644 kB
DirectMap2M:     7102464 kB
DirectMap1G:           0 kB


/proc/sys/kernel/threads-max (system-wide limit on the number of threads):
59895


/proc/sys/vm/max_map_count (maximum number of memory map areas a process may have):
65530


/proc/sys/kernel/pid_max (system-wide limit on number of process identifiers):
32768



container (cgroup) information:
container_type: cgroupv1
cpu_cpuset_cpus: 0-3
cpu_memory_nodes: 0
active_processor_count: 4
cpu_quota: -1
cpu_period: 100000
cpu_shares: -1
memory_limit_in_bytes: -1
memory_and_swap_limit_in_bytes: -2
memory_soft_limit_in_bytes: -1
memory_usage_in_bytes: 7516119040
memory_max_usage_in_bytes: 13008896


CPU:total 4 (initial active 4) (2 cores per cpu, 2 threads per core) family 6 model 78 stepping 3, cmov, cx8, fxsr, mmx, sse, sse2, sse3, ssse3, sse4.1, sse4.2, popcnt, avx, avx2, aes, clmul, erms, 3dnowpref, lzcnt, ht, tsc, tscinvbit, bmi1, bmi2, adx, fma
CPU Model and flags from /proc/cpuinfo:
model name	: Intel(R) Core(TM) i7-6560U CPU @ 2.20GHz
flags		: fpu vme de pse tsc msr pae mce cx8 apic sep mtrr pge mca cmov pat pse36 clflush dts acpi mmx fxsr sse sse2 ss ht tm pbe syscall nx pdpe1gb rdtscp lm constant_tsc art arch_perfmon pebs bts rep_good nopl xtopology nonstop_tsc cpuid aperfmperf tsc_known_freq pni pclmulqdq dtes64 monitor ds_cpl vmx est tm2 ssse3 sdbg fma cx16 xtpr pdcm pcid sse4_1 sse4_2 x2apic movbe popcnt tsc_deadline_timer aes xsave avx f16c rdrand lahf_lm abm 3dnowprefetch cpuid_fault epb invpcid_single pti ssbd ibrs ibpb stibp tpr_shadow vnmi flexpriority ept vpid fsgsbase tsc_adjust bmi1 avx2 smep bmi2 erms invpcid mpx rdseed adx smap clflushopt intel_pt xsaveopt xsavec xgetbv1 xsaves dtherm ida arat pln pts hwp hwp_notify hwp_act_window hwp_epp flush_l1d

Memory: 4k page, physical 7730172k(107772k free), swap 1003516k(0k free)

vm_info: OpenJDK 64-Bit Server VM (11.0.2+9-b159.30) for linux-amd64 JRE (11.0.2+9-b159.30), built on Mar 19 2019 06:01:56 by "" with gcc 4.8.5 20150623 (Red Hat 4.8.5-28)

END.
